C:\Program Files (x86)\Microsoft Visual Studio\2019\Enterprise\MSBuild\Microsoft\VC\v160\Microsoft.CppBuild.targets(459,5): warning MSB8028: The intermediate directory (Debug\) contains files shared from another project (RaylibStarterCPP1.vcxproj).  This can lead to incorrect clean and rebuild behavior.
  Application.cpp
C:\Users\s200503\source\repos\AI Game Projects\RaylibStarterCPP1\src\Application.cpp(52,14): warning C4244: 'initializing': conversion from 'float' to 'int', possible loss of data
C:\Users\s200503\source\repos\AI Game Projects\RaylibStarterCPP1\src\Application.cpp(53,14): warning C4244: 'initializing': conversion from 'float' to 'int', possible loss of data
C:\Users\s200503\source\repos\AI Game Projects\RaylibStarterCPP1\src\Application.cpp(69,67): warning C4244: 'argument': conversion from 'int' to 'float', possible loss of data
  Graph2D.cpp
  Graph2DEditor.cpp
C:\Users\s200503\source\repos\AI Game Projects\RaylibStarterCPP1\src\Graph2DEditor.cpp(19,49): warning C4244: 'argument': conversion from 'int' to 'float', possible loss of data
C:\Users\s200503\source\repos\AI Game Projects\RaylibStarterCPP1\src\Graph2DEditor.cpp(55,83): warning C4244: 'argument': conversion from 'float' to 'int', possible loss of data
C:\Users\s200503\source\repos\AI Game Projects\RaylibStarterCPP1\src\Graph2DEditor.cpp(55,60): warning C4244: 'argument': conversion from 'float' to 'int', possible loss of data
C:\Users\s200503\source\repos\AI Game Projects\RaylibStarterCPP1\src\Graph2DEditor.cpp(55,37): warning C4244: 'argument': conversion from 'float' to 'int', possible loss of data
C:\Users\s200503\source\repos\AI Game Projects\RaylibStarterCPP1\src\Graph2DEditor.cpp(55,23): warning C4244: 'argument': conversion from 'float' to 'int', possible loss of data
C:\Users\s200503\source\repos\AI Game Projects\RaylibStarterCPP1\src\Graph2DEditor.cpp(63,36): warning C4244: 'argument': conversion from 'int' to 'float', possible loss of data
C:\Users\s200503\source\repos\AI Game Projects\RaylibStarterCPP1\src\Graph2DEditor.cpp(67,72): warning C4244: 'argument': conversion from 'float' to 'int', possible loss of data
C:\Users\s200503\source\repos\AI Game Projects\RaylibStarterCPP1\src\Graph2DEditor.cpp(67,52): warning C4244: 'argument': conversion from 'float' to 'int', possible loss of data
C:\Users\s200503\source\repos\AI Game Projects\RaylibStarterCPP1\src\Graph2DEditor.cpp(67,32): warning C4244: 'argument': conversion from 'float' to 'int', possible loss of data
C:\Users\s200503\source\repos\AI Game Projects\RaylibStarterCPP1\src\Graph2DEditor.cpp(67,20): warning C4244: 'argument': conversion from 'float' to 'int', possible loss of data
C:\Users\s200503\source\repos\AI Game Projects\RaylibStarterCPP1\src\Graph2DEditor.cpp(73,38): warning C4244: 'argument': conversion from 'float' to 'int', possible loss of data
C:\Users\s200503\source\repos\AI Game Projects\RaylibStarterCPP1\src\Graph2DEditor.cpp(73,24): warning C4244: 'argument': conversion from 'float' to 'int', possible loss of data
C:\Users\s200503\source\repos\AI Game Projects\RaylibStarterCPP1\src\Graph2DEditor.cpp(74,43): warning C4244: 'argument': conversion from 'float' to 'int', possible loss of data
C:\Users\s200503\source\repos\AI Game Projects\RaylibStarterCPP1\src\Graph2DEditor.cpp(74,29): warning C4244: 'argument': conversion from 'float' to 'int', possible loss of data
C:\Users\s200503\source\repos\AI Game Projects\RaylibStarterCPP1\src\Graph2DEditor.cpp(78,33): warning C4244: 'argument': conversion from 'float' to 'int', possible loss of data
C:\Users\s200503\source\repos\AI Game Projects\RaylibStarterCPP1\src\Graph2DEditor.cpp(78,21): warning C4244: 'argument': conversion from 'float' to 'int', possible loss of data
  Generating Code...
  RaylibStarterCPP1.vcxproj -> C:\Users\s200503\source\repos\AI Game Projects\bin\Win32\Debug\AIE_GAMEAI.exe
